[2020-06-24T02:55:37.632157+03:00] 31:вход_отправка_кода.NOTICE: отправлено сообщение с кодом подтверждения - 80520309 [] []
[2020-06-24T02:56:29.210370+03:00] 31:вход_отправка_кода.NOTICE: отправлено сообщение с кодом подтверждения - 97635919 [] []
[2020-06-24T02:56:47.056247+03:00] 31:переход_в_кабинет.NOTICE: перешёл в личный кабинет [] []
[2020-06-24T02:56:51.567490+03:00] 31:редактирование_данных.NOTICE: имя: успешно изменено, старое имя: 11, новое имя: 11 [] []
[2020-06-24T03:11:35.717695+03:00] 31:переход_в_кабинет.NOTICE: перешёл в личный кабинет [] []
[2020-06-24T03:11:56.822379+03:00] 31:переход_в_кабинет.NOTICE: перешёл в личный кабинет [] []
[2020-06-24T03:12:28.845935+03:00] 31:переход_в_кабинет.NOTICE: перешёл в личный кабинет [] []
[2020-06-24T17:00:17.509005+03:00] 31:вход_отправка_кода.NOTICE: отправлено сообщение с кодом подтверждения - 55581943 [] []
[2020-06-24T17:00:19.131155+03:00] 31:вход_отправка_кода.NOTICE: отправлено сообщение с кодом подтверждения - 13454027 [] []
[2020-06-24T17:00:43.496516+03:00] 31:переход_в_кабинет.NOTICE: перешёл в личный кабинет [] []
[2020-06-24T17:00:51.942778+03:00] 31:редактирование_данных.NOTICE: имя: успешно изменено, старое имя: 11, новое имя: Кирилл [] []
[2020-06-24T17:01:00.302798+03:00] 31:редактирование_данных.NOTICE: фамилия: фамилия успешно изменена: старая фамилия: Николас1, новая фамилия: Гизатулин [] []
[2020-06-24T17:01:02.417400+03:00] 31:переход_в_кабинет.NOTICE: перешёл в личный кабинет [] []
[2020-06-24T17:01:17.527546+03:00] 31:редактирование_данных.NOTICE: телефон: телефон успешно изменён, старый телефон: 123123123123123279445, новый телефон: 89277640847 [] []
[2020-06-24T17:01:19.641596+03:00] 31:переход_в_кабинет.NOTICE: перешёл в личный кабинет [] []
[2020-06-24T17:01:48.101911+03:00] 31:редактирование_данных.NOTICE: день рождения: сохранено, старый: 2020-06-03, новый: 2006-06-25 [] []
[2020-06-24T17:36:10.774582+03:00] 31:переход_в_кабинет.NOTICE: перешёл в личный кабинет [] []
[2020-06-24T17:36:34.925714+03:00] 31:переход_в_кабинет.NOTICE: перешёл в личный кабинет [] []
[2020-06-24T17:36:36.832934+03:00] 31:переход_в_кабинет.NOTICE: перешёл в личный кабинет [] []
[2020-06-24T17:36:39.323172+03:00] 31:переход_в_кабинет.NOTICE: перешёл в личный кабинет [] []
[2020-06-24T17:36:41.236025+03:00] 31:переход_в_кабинет.NOTICE: перешёл в личный кабинет [] []
[2020-06-24T17:36:42.356118+03:00] 31:переход_в_кабинет.NOTICE: перешёл в личный кабинет [] []
[2020-06-24T17:36:51.369559+03:00] 31:переход_в_кабинет.NOTICE: перешёл в личный кабинет [] []
[2020-06-24T17:36:52.017027+03:00] 31:переход_в_кабинет.NOTICE: перешёл в личный кабинет [] []
[2020-06-24T17:36:53.226079+03:00] 31:переход_в_кабинет.NOTICE: перешёл в личный кабинет [] []
[2020-06-24T17:36:54.337059+03:00] 31:переход_в_кабинет.NOTICE: перешёл в личный кабинет [] []
[2020-06-24T17:36:55.098542+03:00] 31:переход_в_кабинет.NOTICE: перешёл в личный кабинет [] []
[2020-06-24T17:36:55.787433+03:00] 31:переход_в_кабинет.NOTICE: перешёл в личный кабинет [] []
[2020-06-24T17:37:34.773751+03:00] 31:переход_в_кабинет.NOTICE: перешёл в личный кабинет [] []
[2020-06-24T17:37:35.680251+03:00] 31:переход_в_кабинет.NOTICE: перешёл в личный кабинет [] []
[2020-06-24T17:37:36.562347+03:00] 31:переход_в_кабинет.NOTICE: перешёл в личный кабинет [] []
[2020-06-24T17:37:37.844326+03:00] 31:переход_в_кабинет.NOTICE: перешёл в личный кабинет [] []
[2020-06-24T17:37:39.376878+03:00] 31:переход_в_кабинет.NOTICE: перешёл в личный кабинет [] []
[2020-06-24T17:37:40.264663+03:00] 31:переход_в_кабинет.NOTICE: перешёл в личный кабинет [] []
[2020-06-24T17:37:40.891547+03:00] 31:переход_в_кабинет.NOTICE: перешёл в личный кабинет [] []
[2020-06-24T17:37:41.665341+03:00] 31:переход_в_кабинет.NOTICE: перешёл в личный кабинет [] []
[2020-06-24T17:58:24.424023+03:00] 31:переход_в_кабинет.NOTICE: перешёл в личный кабинет [] []
[2020-06-24T18:06:53.143335+03:00] 31:переход_в_кабинет.NOTICE: перешёл в личный кабинет [] []
[2020-06-24T18:06:54.270410+03:00] 31:переход_в_кабинет.NOTICE: перешёл в личный кабинет [] []
[2020-06-24T18:06:54.918796+03:00] 31:переход_в_кабинет.NOTICE: перешёл в личный кабинет [] []
[2020-06-24T22:53:56.450127+03:00] 31:вход_отправка_кода.NOTICE: отправлено сообщение с кодом подтверждения - 75665834 [] []
[2020-06-24T23:19:27.567489+03:00] 31:переход_в_кабинет.NOTICE: перешёл в личный кабинет [] []
[2020-06-25T00:13:59.505689+03:00] 31:вход_отправка_кода.NOTICE: отправлено сообщение с кодом подтверждения - 81953547 [] []
[2020-06-25T00:14:07.149404+03:00] 31:вход_отправка_кода.NOTICE: отправлено сообщение с кодом подтверждения - 56026710 [] []
[2020-06-25T00:14:21.471407+03:00] 31:переход_в_кабинет.NOTICE: перешёл в личный кабинет [] []
[2020-06-25T00:31:07.402190+03:00] 31:вход_отправка_кода.NOTICE: отправлено сообщение с кодом подтверждения - 16399737 [] []
[2020-06-25T00:31:20.570212+03:00] 31:переход_в_кабинет.NOTICE: перешёл в личный кабинет [] []
[2020-06-25T12:33:26.889182+03:00] 31:вход_отправка_кода.NOTICE: отправлено сообщение с кодом подтверждения - 10846562 [] []
[2020-06-25T12:33:41.920008+03:00] 31:переход_в_кабинет.NOTICE: перешёл в личный кабинет [] []
[2020-06-25T12:52:28.601049+03:00] 31:вход_отправка_кода.NOTICE: отправлено сообщение с кодом подтверждения - 19010685 [] []
[2020-06-25T17:33:41.107216+03:00] 31:переход_в_кабинет.NOTICE: перешёл в личный кабинет [] []
[2020-06-25T17:41:02.758367+03:00] 31:переход_в_кабинет.NOTICE: перешёл в личный кабинет [] []
[2020-06-29T17:20:18.440148+03:00] 31:вход_отправка_кода.NOTICE: отправлено сообщение с кодом подтверждения - 74188609 [] []
[2020-06-29T17:27:21.364483+03:00] 31:переход_в_кабинет.NOTICE: перешёл в личный кабинет [] []
[2020-06-29T18:53:58.189747+03:00] 31:переход_в_кабинет.NOTICE: перешёл в личный кабинет [] []
[2020-06-29T18:55:08.526807+03:00] 31:переход_в_кабинет.NOTICE: перешёл в личный кабинет [] []
[2020-06-29T18:55:15.770870+03:00] 31:переход_в_кабинет.NOTICE: перешёл в личный кабинет [] []
[2020-06-29T18:56:54.006320+03:00] 31:переход_в_кабинет.NOTICE: перешёл в личный кабинет [] []
[2020-06-29T18:57:02.431506+03:00] 31:переход_в_кабинет.NOTICE: перешёл в личный кабинет [] []
[2020-06-29T18:57:23.789888+03:00] 31:переход_в_кабинет.NOTICE: перешёл в личный кабинет [] []
[2020-06-29T19:02:47.381820+03:00] 31:переход_в_кабинет.NOTICE: перешёл в личный кабинет [] []
[2020-06-29T19:04:06.713990+03:00] 31:переход_в_кабинет.NOTICE: перешёл в личный кабинет [] []
[2020-06-29T19:04:14.133830+03:00] 31:переход_в_кабинет.NOTICE: перешёл в личный кабинет [] []
[2020-06-29T19:04:16.802880+03:00] 31:переход_в_кабинет.NOTICE: перешёл в личный кабинет [] []
[2020-06-29T19:04:18.802685+03:00] 31:переход_в_кабинет.NOTICE: перешёл в личный кабинет [] []
[2020-06-29T19:04:24.405303+03:00] 31:переход_в_кабинет.NOTICE: перешёл в личный кабинет [] []
[2020-06-29T19:05:11.855841+03:00] 31:переход_в_кабинет.NOTICE: перешёл в личный кабинет [] []
[2020-06-29T19:06:11.357517+03:00] 31:переход_в_кабинет.NOTICE: перешёл в личный кабинет [] []
[2020-06-29T19:06:41.837964+03:00] 31:переход_в_кабинет.NOTICE: перешёл в личный кабинет [] []
[2020-06-29T19:06:55.247557+03:00] 31:переход_в_кабинет.NOTICE: перешёл в личный кабинет [] []
[2020-06-29T19:07:42.969608+03:00] 31:вход_отправка_кода.NOTICE: отправлено сообщение с кодом подтверждения - 56777841 [] []
[2020-06-29T19:08:52.301625+03:00] 31:переход_в_кабинет.NOTICE: перешёл в личный кабинет [] []
[2020-06-29T19:09:15.824153+03:00] 31:переход_в_кабинет.NOTICE: перешёл в личный кабинет [] []
[2020-06-29T19:09:55.994064+03:00] 31:вход_отправка_кода.NOTICE: отправлено сообщение с кодом подтверждения - 78754547 [] []
[2020-06-29T19:09:57.913329+03:00] 31:вход_отправка_кода.NOTICE: отправлено сообщение с кодом подтверждения - 49855836 [] []
[2020-06-29T19:10:04.157208+03:00] 31:переход_в_кабинет.NOTICE: перешёл в личный кабинет [] []
[2020-06-29T19:10:11.619632+03:00] 31:переход_в_кабинет.NOTICE: перешёл в личный кабинет [] []
[2020-06-29T19:10:15.557035+03:00] 31:переход_в_кабинет.NOTICE: перешёл в личный кабинет [] []
[2020-06-29T19:10:37.422807+03:00] 31:вход_отправка_кода.NOTICE: отправлено сообщение с кодом подтверждения - 20864418 [] []
[2020-06-29T19:10:43.719209+03:00] 31:переход_в_кабинет.NOTICE: перешёл в личный кабинет [] []
[2020-06-29T19:11:02.260953+03:00] 31:вход_отправка_кода.NOTICE: отправлено сообщение с кодом подтверждения - 52590031 [] []
[2020-06-29T23:12:34.311275+03:00] 31:переход_в_кабинет.NOTICE: перешёл в личный кабинет [] []
[2020-06-29T23:13:35.350740+03:00] 31:переход_в_кабинет.NOTICE: перешёл в личный кабинет [] []
[2020-06-29T23:13:46.990323+03:00] 31:вход_отправка_кода.NOTICE: отправлено сообщение с кодом подтверждения - 01895172 [] []
[2020-06-29T23:33:15.739151+03:00] 31:переход_в_кабинет.NOTICE: перешёл в личный кабинет [] []
[2020-06-29T23:35:37.847241+03:00] 31:переход_в_кабинет.NOTICE: перешёл в личный кабинет [] []
[2020-06-30T00:03:36.483116+03:00] 31:переход_в_кабинет.NOTICE: перешёл в личный кабинет [] []
[2020-06-30T00:16:28.131563+03:00] 31:переход_в_кабинет.NOTICE: перешёл в личный кабинет [] []
[2020-06-30T03:24:04.472211+03:00] 31:переход_в_кабинет.NOTICE: перешёл в личный кабинет [] []
[2020-06-30T03:24:50.567016+03:00] 31:переход_в_кабинет.NOTICE: перешёл в личный кабинет [] []
[2020-07-01T01:44:50.983532+03:00] 31:вход_отправка_кода.NOTICE: отправлено сообщение с кодом подтверждения - 25956771 [] []
[2020-07-02T01:42:13.811580+03:00] 31:вход_отправка_кода.NOTICE: отправлено сообщение с кодом подтверждения - 69733382 [] []
[2020-07-02T02:15:55.048886+03:00] 31:переход_в_кабинет.NOTICE: перешёл в личный кабинет [] []
[2020-07-02T02:16:30.354045+03:00] 31:вход_отправка_кода.NOTICE: отправлено сообщение с кодом подтверждения - 47194398 [] []
[2020-07-02T02:40:46.127360+03:00] 31:вход_отправка_кода.NOTICE: отправлено сообщение с кодом подтверждения - 89662590 [] []
[2020-07-05T23:17:48.538766+03:00] 31:вход_отправка_кода.NOTICE: отправлено сообщение с кодом подтверждения - 28796858 [] []
[2020-07-05T23:25:29.840219+03:00] 31:переход_в_кабинет.NOTICE: перешёл в личный кабинет [] []
[2020-07-05T23:28:53.086202+03:00] 31:переход_в_кабинет.NOTICE: перешёл в личный кабинет [] []
[2020-07-05T23:28:58.443592+03:00] 31:переход_в_кабинет.NOTICE: перешёл в личный кабинет [] []
[2020-07-05T23:29:30.408641+03:00] 31:переход_в_кабинет.NOTICE: перешёл в личный кабинет [] []
[2020-07-05T23:29:33.504305+03:00] 31:переход_в_кабинет.NOTICE: перешёл в личный кабинет [] []
[2020-07-05T23:29:36.411370+03:00] 31:переход_в_кабинет.NOTICE: перешёл в личный кабинет [] []
[2020-07-05T23:29:44.876536+03:00] 31:переход_в_кабинет.NOTICE: перешёл в личный кабинет [] []
[2020-07-05T23:29:59.624634+03:00] 31:переход_в_кабинет.NOTICE: перешёл в личный кабинет [] []
[2020-07-05T23:30:03.942861+03:00] 31:переход_в_кабинет.NOTICE: перешёл в личный кабинет [] []
[2020-07-05T23:30:04.760868+03:00] 31:переход_в_кабинет.NOTICE: перешёл в личный кабинет [] []
[2020-07-05T23:30:34.307546+03:00] 31:переход_в_кабинет.NOTICE: перешёл в личный кабинет [] []
[2020-07-06T00:26:37.511028+03:00] 31:вход_отправка_кода.NOTICE: отправлено сообщение с кодом подтверждения - 46035005 [] []
[2020-07-06T02:28:33.636799+03:00] 31:переход_в_кабинет.NOTICE: перешёл в личный кабинет [] []
[2020-07-07T18:42:26.851315+03:00] 31:вход_отправка_кода.NOTICE: отправлено сообщение с кодом подтверждения - 01323566 [] []
[2020-07-07T18:46:18.987401+03:00] 31:переход_в_кабинет.NOTICE: перешёл в личный кабинет [] []
[2020-07-07T18:47:19.852391+03:00] 31:переход_в_кабинет.NOTICE: перешёл в личный кабинет [] []
[2020-07-07T18:47:22.239817+03:00] 31:переход_в_кабинет.NOTICE: перешёл в личный кабинет [] []
[2020-07-07T18:50:20.929244+03:00] 31:переход_в_кабинет.NOTICE: перешёл в личный кабинет [] []
[2020-07-07T18:51:07.390375+03:00] 31:переход_в_кабинет.NOTICE: перешёл в личный кабинет [] []
[2020-07-07T18:55:52.763643+03:00] 31:переход_в_кабинет.NOTICE: перешёл в личный кабинет [] []
[2020-07-07T18:58:05.245312+03:00] 31:переход_в_кабинет.NOTICE: перешёл в личный кабинет [] []
[2020-07-07T18:58:07.167770+03:00] 31:переход_в_кабинет.NOTICE: перешёл в личный кабинет [] []
[2020-07-07T18:58:08.058004+03:00] 31:переход_в_кабинет.NOTICE: перешёл в личный кабинет [] []
[2020-07-07T18:58:08.202120+03:00] 31:переход_в_кабинет.NOTICE: перешёл в личный кабинет [] []
[2020-07-07T19:00:07.711908+03:00] 31:переход_в_кабинет.NOTICE: перешёл в личный кабинет [] []
[2020-07-07T19:00:46.099572+03:00] 31:переход_в_кабинет.NOTICE: перешёл в личный кабинет [] []
[2020-07-07T19:17:51.222989+03:00] 31:переход_в_кабинет.NOTICE: перешёл в личный кабинет [] []
[2020-07-07T19:18:22.677308+03:00] 31:редактирование_данных.NOTICE: имя: успешно изменено, старое имя: Кирилл, новое имя: Кирилл [] []
[2020-07-07T19:25:27.442576+03:00] 31:переход_в_кабинет.NOTICE: перешёл в личный кабинет [] []
[2020-07-07T19:26:02.933939+03:00] 31:переход_в_кабинет.NOTICE: перешёл в личный кабинет [] []
[2020-07-07T19:26:23.623211+03:00] 31:переход_в_кабинет.NOTICE: перешёл в личный кабинет [] []
[2020-07-07T19:29:32.955582+03:00] 31:переход_в_кабинет.NOTICE: перешёл в личный кабинет [] []
[2020-07-07T19:59:59.118982+03:00] 31:переход_в_кабинет.NOTICE: перешёл в личный кабинет [] []
[2020-07-07T20:00:00.956559+03:00] 31:редактирование_данных.NOTICE: имя: успешно изменено, старое имя: Кирилл, новое имя: Кирилл [] []
[2020-07-07T20:04:46.434437+03:00] 31:переход_в_кабинет.NOTICE: перешёл в личный кабинет [] []
[2020-07-07T20:13:08.510110+03:00] 31:вход_отправка_кода.NOTICE: отправлено сообщение с кодом подтверждения - 32056265 [] []
[2020-07-08T09:55:58.853260+03:00] 31:вход_отправка_кода.NOTICE: отправлено сообщение с кодом подтверждения - 81339735 [] []
[2020-07-09T15:06:23.160760+03:00] 31:вход_отправка_кода.NOTICE: отправлено сообщение с кодом подтверждения - 99691123 [] []
[2020-07-09T15:06:23.731189+03:00] 31:вход_отправка_кода.NOTICE: отправлено сообщение с кодом подтверждения - 90535155 [] []
[2020-07-09T16:34:48.593463+03:00] 31:переход_в_кабинет.NOTICE: перешёл в личный кабинет [] []
[2020-07-09T16:43:20.159907+03:00] 31:переход_в_кабинет.NOTICE: перешёл в личный кабинет [] []
[2020-07-13T02:20:45.371062+03:00] 31:вход_отправка_кода.NOTICE: отправлено сообщение с кодом подтверждения - 14482161 [] []
[2020-07-13T02:23:03.135390+03:00] 31:переход_в_кабинет.NOTICE: перешёл в личный кабинет [] []
[2020-07-13T02:23:38.329749+03:00] 31:переход_в_кабинет.NOTICE: перешёл в личный кабинет [] []
[2020-07-13T02:25:28.335075+03:00] 31:переход_в_кабинет.NOTICE: перешёл в личный кабинет [] []
[2020-07-13T02:25:29.979063+03:00] 31:переход_в_кабинет.NOTICE: перешёл в личный кабинет [] []
[2020-07-13T02:27:00.695002+03:00] 31:переход_в_кабинет.NOTICE: перешёл в личный кабинет [] []
[2020-07-13T02:28:00.734776+03:00] 31:переход_в_кабинет.NOTICE: перешёл в личный кабинет [] []
[2020-07-13T02:51:42.687483+03:00] 31:переход_в_кабинет.NOTICE: перешёл в личный кабинет [] []
[2020-07-13T02:51:44.842055+03:00] 31:переход_в_кабинет.NOTICE: перешёл в личный кабинет [] []
[2020-07-13T02:51:46.041003+03:00] 31:переход_в_кабинет.NOTICE: перешёл в личный кабинет [] []
[2020-07-13T02:51:47.216439+03:00] 31:переход_в_кабинет.NOTICE: перешёл в личный кабинет [] []
[2020-07-13T02:51:48.235537+03:00] 31:переход_в_кабинет.NOTICE: перешёл в личный кабинет [] []
[2020-07-13T02:52:02.575616+03:00] 31:переход_в_кабинет.NOTICE: перешёл в личный кабинет [] []
[2020-07-13T02:52:18.826801+03:00] 31:переход_в_кабинет.NOTICE: перешёл в личный кабинет [] []
[2020-07-13T12:46:17.026743+03:00] 31:вход_отправка_кода.NOTICE: отправлено сообщение с кодом подтверждения - 64259629 [] []
[2020-07-13T12:46:17.480913+03:00] 31:вход_отправка_кода.NOTICE: отправлено сообщение с кодом подтверждения - 90039414 [] []
[2020-07-13T12:47:34.912395+03:00] 31:переход_в_кабинет.NOTICE: перешёл в личный кабинет [] []
[2020-07-13T12:47:40.053666+03:00] 31:переход_в_кабинет.NOTICE: перешёл в личный кабинет [] []
[2020-07-13T12:51:30.263156+03:00] 31:переход_в_кабинет.NOTICE: перешёл в личный кабинет [] []
[2020-07-13T12:52:54.439987+03:00] 31:переход_в_кабинет.NOTICE: перешёл в личный кабинет [] []
[2020-07-13T12:56:27.487336+03:00] 31:переход_в_кабинет.NOTICE: перешёл в личный кабинет [] []
[2020-07-13T12:56:29.968914+03:00] 31:переход_в_кабинет.NOTICE: перешёл в личный кабинет [] []
[2020-07-13T13:00:06.568635+03:00] 31:переход_в_кабинет.NOTICE: перешёл в личный кабинет [] []
[2020-07-13T13:00:56.698177+03:00] 31:переход_в_кабинет.NOTICE: перешёл в личный кабинет [] []
[2020-07-13T13:00:58.332961+03:00] 31:переход_в_кабинет.NOTICE: перешёл в личный кабинет [] []
[2020-07-13T13:01:16.659758+03:00] 31:переход_в_кабинет.NOTICE: перешёл в личный кабинет [] []
[2020-07-13T13:06:28.611110+03:00] 31:переход_в_кабинет.NOTICE: перешёл в личный кабинет [] []
