[2020-06-24T02:55:43.704143+03:00] craftminecraf@yandex.ru:вход_ввод_кода.NOTICE: аккаунт пользователя не подтверждён [] []
[2020-06-24T02:56:31.751789+03:00] craftminecraf@yandex.ru:вход_ввод_кода.NOTICE: пользователь вошёл в аккаунт [] []
[2020-06-24T17:00:27.731888+03:00] craftminecraf@yandex.ru:вход_ввод_кода.NOTICE: пользователь вошёл в аккаунт [] []
[2020-06-24T17:00:27.735686+03:00] craftminecraf@yandex.ru:вход_ввод_кода.NOTICE: пользователь вошёл в аккаунт [] []
[2020-06-24T22:54:01.328400+03:00] craftminecraf@yandex.ru:вход_ввод_кода.NOTICE: код входа не введён, срок действия истёк [] []
[2020-06-24T22:54:06.679948+03:00] craftminecraf@yandex.ru:вход_ввод_кода.NOTICE: введён не тот код, который пришёл на почту пользователя [] []
[2020-06-24T22:54:31.952324+03:00] craftminecraf@yandex.ru:вход_ввод_кода.NOTICE: пользователь вошёл в аккаунт [] []
[2020-06-25T00:14:04.022597+03:00] craftminecraf@yandex.ru:вход_ввод_кода.NOTICE: код входа не введён, срок действия истёк [] []
[2020-06-25T00:14:09.176771+03:00] craftminecraf@yandex.ru:вход_ввод_кода.NOTICE: введён не тот код, который пришёл на почту пользователя [] []
[2020-06-25T00:14:09.176983+03:00] craftminecraf@yandex.ru:вход_ввод_кода.NOTICE: введён не тот код, который пришёл на почту пользователя [] []
[2020-06-25T00:14:13.945229+03:00] craftminecraf@yandex.ru:вход_ввод_кода.NOTICE: пользователь вошёл в аккаунт [] []
[2020-06-25T00:14:13.946597+03:00] craftminecraf@yandex.ru:вход_ввод_кода.NOTICE: пользователь вошёл в аккаунт [] []
[2020-06-25T00:31:15.925531+03:00] craftminecraf@yandex.ru:вход_ввод_кода.NOTICE: пользователь вошёл в аккаунт [] []
[2020-06-25T12:33:36.881927+03:00] craftminecraf@yandex.ru:вход_ввод_кода.NOTICE: пользователь вошёл в аккаунт [] []
[2020-06-25T12:52:39.872315+03:00] craftminecraf@yandex.ru:вход_ввод_кода.NOTICE: пользователь вошёл в аккаунт [] []
[2020-06-29T17:22:15.343822+03:00] craftminecraf@yandex.ru:вход_ввод_кода.NOTICE: пользователь вошёл в аккаунт [] []
[2020-06-29T19:08:45.064394+03:00] craftminecraf@yandex.ru:вход_ввод_кода.NOTICE: пользователь вошёл в аккаунт [] []
[2020-06-29T19:09:59.523046+03:00] craftminecraf@yandex.ru:вход_ввод_кода.NOTICE: пользователь вошёл в аккаунт [] []
[2020-06-29T19:09:59.524820+03:00] craftminecraf@yandex.ru:вход_ввод_кода.NOTICE: пользователь вошёл в аккаунт [] []
[2020-06-29T19:10:40.779302+03:00] craftminecraf@yandex.ru:вход_ввод_кода.NOTICE: пользователь вошёл в аккаунт [] []
[2020-06-29T19:11:06.091159+03:00] craftminecraf@yandex.ru:вход_ввод_кода.NOTICE: пользователь вошёл в аккаунт [] []
[2020-06-29T23:13:49.593367+03:00] craftminecraf@yandex.ru:вход_ввод_кода.NOTICE: пользователь вошёл в аккаунт [] []
[2020-07-01T01:44:59.327090+03:00] craftminecraf@yandex.ru:вход_ввод_кода.NOTICE: код входа не введён, срок действия истёк [] []
[2020-07-01T01:45:14.259663+03:00] craftminecraf@yandex.ru:вход_ввод_кода.NOTICE: пользователь вошёл в аккаунт [] []
[2020-07-02T01:42:26.721636+03:00] craftminecraf@yandex.ru:вход_ввод_кода.NOTICE: пользователь вошёл в аккаунт [] []
[2020-07-02T02:16:33.376015+03:00] craftminecraf@yandex.ru:вход_ввод_кода.NOTICE: код входа не введён, срок действия истёк [] []
[2020-07-02T02:16:39.394882+03:00] craftminecraf@yandex.ru:вход_ввод_кода.NOTICE: код входа не введён, срок действия истёк [] []
[2020-07-02T02:16:46.390954+03:00] craftminecraf@yandex.ru:вход_ввод_кода.NOTICE: пользователь вошёл в аккаунт [] []
[2020-07-02T02:40:56.839581+03:00] craftminecraf@yandex.ru:вход_ввод_кода.NOTICE: пользователь вошёл в аккаунт [] []
[2020-07-05T23:18:12.283495+03:00] craftminecraf@yandex.ru:вход_ввод_кода.NOTICE: пользователь вошёл в аккаунт [] []
[2020-07-06T00:26:42.546089+03:00] craftminecraf@yandex.ru:вход_ввод_кода.NOTICE: пользователь вошёл в аккаунт [] []
[2020-07-07T18:42:36.255861+03:00] craftminecraf@yandex.ru:вход_ввод_кода.NOTICE: пользователь вошёл в аккаунт [] []
[2020-07-07T20:13:11.856912+03:00] craftminecraf@yandex.ru:вход_ввод_кода.NOTICE: пользователь вошёл в аккаунт [] []
[2020-07-08T09:56:03.043701+03:00] craftminecraf@yandex.ru:вход_ввод_кода.NOTICE: пользователь вошёл в аккаунт [] []
[2020-07-09T15:06:27.693014+03:00] craftminecraf@yandex.ru:вход_ввод_кода.NOTICE: пользователь вошёл в аккаунт [] []
[2020-07-09T15:06:27.725007+03:00] craftminecraf@yandex.ru:вход_ввод_кода.NOTICE: пользователь вошёл в аккаунт [] []
[2020-07-13T02:21:13.628199+03:00] craftminecraf@yandex.ru:вход_ввод_кода.NOTICE: пользователь вошёл в аккаунт [] []
[2020-07-13T12:46:21.296141+03:00] craftminecraf@yandex.ru:вход_ввод_кода.NOTICE: данного кода не существует [] []
[2020-07-13T12:46:21.296457+03:00] craftminecraf@yandex.ru:вход_ввод_кода.NOTICE: данного кода не существует [] []
[2020-07-13T12:46:25.601592+03:00] craftminecraf@yandex.ru:вход_ввод_кода.NOTICE: код входа не введён, срок действия истёк [] []
[2020-07-13T12:46:25.601592+03:00] craftminecraf@yandex.ru:вход_ввод_кода.NOTICE: код входа не введён, срок действия истёк [] []
[2020-07-13T12:46:31.708787+03:00] craftminecraf@yandex.ru:вход_ввод_кода.NOTICE: код входа не введён, срок действия истёк [] []
[2020-07-13T12:46:31.720196+03:00] craftminecraf@yandex.ru:вход_ввод_кода.NOTICE: код входа не введён, срок действия истёк [] []
[2020-07-13T12:47:03.322026+03:00] craftminecraf@yandex.ru:вход_ввод_кода.NOTICE: пользователь вошёл в аккаунт [] []
[2020-07-13T12:47:03.323513+03:00] craftminecraf@yandex.ru:вход_ввод_кода.NOTICE: пользователь вошёл в аккаунт [] []
